<?xml version="1.0" encoding="UTF-8"?>
<!-- Generated by org.testng.reporters.JUnitReportReporter -->
<testsuite hostname="DESKTOP-3N0N1G4" failures="0" tests="4" name="AmazonTest" time="63.250" errors="1" timestamp="2021-09-24T14:54:54 EEST" skipped="0">
  <testcase classname="AmazonTest" name="testHeadFirst" time="0.844">
    <error message="Unable to create new service: InternetExplorerDriverService
Build info: version: &#039;3.141.59&#039;, revision: &#039;e82be7d358&#039;, time: &#039;2018-11-14T08:25:53&#039;
System info: host: &#039;DESKTOP-3N0N1G4&#039;, ip: &#039;172.25.32.1&#039;, os.name: &#039;Windows 10&#039;, os.arch: &#039;amd64&#039;, os.version: &#039;10.0&#039;, java.version: &#039;16.0.2&#039;
Driver info: driver.version: unknown
Command duration or timeout: 495 milliseconds" type="org.openqa.selenium.SessionNotCreatedException">
      <![CDATA[org.openqa.selenium.SessionNotCreatedException: Unable to create new service: InternetExplorerDriverService
Build info: version: '3.141.59', revision: 'e82be7d358', time: '2018-11-14T08:25:53'
System info: host: 'DESKTOP-3N0N1G4', ip: '172.25.32.1', os.name: 'Windows 10', os.arch: 'amd64', os.version: '10.0', java.version: '16.0.2'
Driver info: driver.version: unknown
Command duration or timeout: 495 milliseconds
at java.base/jdk.internal.reflect.NativeConstructorAccessorImpl.newInstance0(Native Method)
at java.base/jdk.internal.reflect.NativeConstructorAccessorImpl.newInstance(NativeConstructorAccessorImpl.java:78)
at java.base/jdk.internal.reflect.DelegatingConstructorAccessorImpl.newInstance(DelegatingConstructorAccessorImpl.java:45)
at java.base/java.lang.reflect.Constructor.newInstanceWithCaller(Constructor.java:499)
at java.base/java.lang.reflect.Constructor.newInstance(Constructor.java:480)
at org.openqa.selenium.remote.ErrorHandler.createThrowable(ErrorHandler.java:214)
at org.openqa.selenium.remote.ErrorHandler.throwIfResponseFailed(ErrorHandler.java:166)
at org.openqa.selenium.remote.JsonWireProtocolResponse.lambda$errorHandler$0(JsonWireProtocolResponse.java:54)
at org.openqa.selenium.remote.HandshakeResponse.lambda$getResponseFunction$0(HandshakeResponse.java:30)
at org.openqa.selenium.remote.ProtocolHandshake.lambda$createSession$0(ProtocolHandshake.java:126)
at java.base/java.util.stream.ReferencePipeline$3$1.accept(ReferencePipeline.java:197)
at java.base/java.util.Spliterators$ArraySpliterator.tryAdvance(Spliterators.java:958)
at java.base/java.util.stream.ReferencePipeline.forEachWithCancel(ReferencePipeline.java:129)
at java.base/java.util.stream.AbstractPipeline.copyIntoWithCancel(AbstractPipeline.java:502)
at java.base/java.util.stream.AbstractPipeline.copyInto(AbstractPipeline.java:488)
at java.base/java.util.stream.AbstractPipeline.wrapAndCopyInto(AbstractPipeline.java:474)
at java.base/java.util.stream.FindOps$FindOp.evaluateSequential(FindOps.java:150)
at java.base/java.util.stream.AbstractPipeline.evaluate(AbstractPipeline.java:234)
at java.base/java.util.stream.ReferencePipeline.findFirst(ReferencePipeline.java:647)
at org.openqa.selenium.remote.ProtocolHandshake.createSession(ProtocolHandshake.java:128)
at org.openqa.selenium.remote.ProtocolHandshake.createSession(ProtocolHandshake.java:74)
at org.openqa.selenium.remote.HttpCommandExecutor.execute(HttpCommandExecutor.java:136)
at org.openqa.selenium.remote.RemoteWebDriver.execute(RemoteWebDriver.java:552)
at org.openqa.selenium.remote.RemoteWebDriver.startSession(RemoteWebDriver.java:213)
at org.openqa.selenium.remote.RemoteWebDriver.<init>(RemoteWebDriver.java:131)
at org.openqa.selenium.remote.RemoteWebDriver.<init>(RemoteWebDriver.java:144)
at AmazonTest.testHeadFirst(AmazonTest.java:130)
at java.base/jdk.internal.reflect.NativeMethodAccessorImpl.invoke0(Native Method)
at java.base/jdk.internal.reflect.NativeMethodAccessorImpl.invoke(NativeMethodAccessorImpl.java:78)
at java.base/jdk.internal.reflect.DelegatingMethodAccessorImpl.invoke(DelegatingMethodAccessorImpl.java:43)
at java.base/java.lang.reflect.Method.invoke(Method.java:567)
at org.testng.internal.MethodInvocationHelper.invokeMethod(MethodInvocationHelper.java:133)
at org.testng.internal.TestInvoker.invokeMethod(TestInvoker.java:598)
at org.testng.internal.TestInvoker.invokeTestMethod(TestInvoker.java:173)
at org.testng.internal.MethodRunner.runInSequence(MethodRunner.java:46)
at org.testng.internal.TestInvoker$MethodInvocationAgent.invoke(TestInvoker.java:824)
at org.testng.internal.TestInvoker.invokeTestMethods(TestInvoker.java:146)
at org.testng.internal.TestMethodWorker.invokeTestMethods(TestMethodWorker.java:146)
at org.testng.internal.TestMethodWorker.run(TestMethodWorker.java:128)
at java.base/java.util.concurrent.ThreadPoolExecutor.runWorker(ThreadPoolExecutor.java:1130)
at java.base/java.util.concurrent.ThreadPoolExecutor$Worker.run(ThreadPoolExecutor.java:630)
at java.base/java.lang.Thread.run(Thread.java:831)
Caused by: org.openqa.selenium.SessionNotCreatedException: Unable to create new service: InternetExplorerDriverService
Build info: version: '3.141.59', revision: 'e82be7d358', time: '2018-11-14T08:25:53'
System info: host: 'DESKTOP-3N0N1G4', ip: '172.25.32.1', os.name: 'Windows 10', os.arch: 'amd64', os.version: '10.0', java.version: '16.0.2'
Driver info: driver.version: unknown
Build info: version: '3.141.59', revision: 'e82be7d358', time: '2018-11-14T08:17:03'
System info: host: 'DESKTOP-3N0N1G4', ip: '172.25.32.1', os.name: 'Windows 10', os.arch: 'amd64', os.version: '10.0', java.version: '16.0.2'
Driver info: driver.version: unknown
at org.openqa.selenium.grid.session.remote.ServicedSession$Factory.lambda$get$0(ServicedSession.java:135)
at org.openqa.selenium.grid.session.remote.ServicedSession$Factory.apply(ServicedSession.java:152)
at org.openqa.selenium.remote.server.ActiveSessionFactory.lambda$apply$12(ActiveSessionFactory.java:180)
at java.util.stream.ReferencePipeline$3$1.accept(ReferencePipeline.java:197)
at java.util.stream.ReferencePipeline$15$1.accept(ReferencePipeline.java:541)
at java.util.stream.ReferencePipeline$2$1.accept(ReferencePipeline.java:179)
at java.util.Spliterators$ArraySpliterator.tryAdvance(Spliterators.java:958)
at java.util.stream.ReferencePipeline.forEachWithCancel(ReferencePipeline.java:129)
at java.util.stream.AbstractPipeline.copyIntoWithCancel(AbstractPipeline.java:502)
at java.util.stream.AbstractPipeline.copyInto(AbstractPipeline.java:488)
at java.util.stream.AbstractPipeline.wrapAndCopyInto(AbstractPipeline.java:474)
at java.util.stream.FindOps$FindOp.evaluateSequential(FindOps.java:150)
at java.util.stream.AbstractPipeline.evaluate(AbstractPipeline.java:234)
at java.util.stream.ReferencePipeline.findFirst(ReferencePipeline.java:647)
at org.openqa.selenium.remote.server.ActiveSessionFactory.apply(ActiveSessionFactory.java:183)
at org.openqa.selenium.remote.server.NewSessionPipeline.lambda$null$2(NewSessionPipeline.java:66)
at java.util.stream.ReferencePipeline$3$1.accept(ReferencePipeline.java:197)
at java.util.stream.ReferencePipeline$2$1.accept(ReferencePipeline.java:179)
at java.util.Collections$2.tryAdvance(Collections.java:4820)
at java.util.stream.ReferencePipeline.forEachWithCancel(ReferencePipeline.java:129)
at java.util.stream.AbstractPipeline.copyIntoWithCancel(AbstractPipeline.java:502)
at java.util.stream.AbstractPipeline.copyInto(AbstractPipeline.java:488)
at java.util.stream.AbstractPipeline.wrapAndCopyInto(AbstractPipeline.java:474)
at java.util.stream.FindOps$FindOp.evaluateSequential(FindOps.java:150)
at java.util.stream.AbstractPipeline.evaluate(AbstractPipeline.java:234)
at java.util.stream.ReferencePipeline.findFirst(ReferencePipeline.java:647)
at org.openqa.selenium.remote.server.NewSessionPipeline.lambda$createNewSession$3(NewSessionPipeline.java:69)
at java.util.stream.ReferencePipeline$3$1.accept(ReferencePipeline.java:197)
at java.util.stream.ReferencePipeline$3$1.accept(ReferencePipeline.java:197)
at java.util.stream.ReferencePipeline$3$1.accept(ReferencePipeline.java:197)
at java.util.stream.DistinctOps$1$2.accept(DistinctOps.java:174)
at java.util.stream.ReferencePipeline$2$1.accept(ReferencePipeline.java:179)
at java.util.stream.ReferencePipeline$3$1.accept(ReferencePipeline.java:197)
at java.util.stream.ReferencePipeline$2$1.accept(ReferencePipeline.java:179)
at java.util.stream.Streams$StreamBuilderImpl.tryAdvance(Streams.java:397)
at java.util.stream.Streams$ConcatSpliterator.tryAdvance(Streams.java:720)
at java.util.stream.ReferencePipeline.forEachWithCancel(ReferencePipeline.java:129)
at java.util.stream.AbstractPipeline.copyIntoWithCancel(AbstractPipeline.java:502)
at java.util.stream.AbstractPipeline.copyInto(AbstractPipeline.java:488)
at java.util.stream.AbstractPipeline.wrapAndCopyInto(AbstractPipeline.java:474)
at java.util.stream.FindOps$FindOp.evaluateSequential(FindOps.java:150)
at java.util.stream.AbstractPipeline.evaluate(AbstractPipeline.java:234)
at java.util.stream.ReferencePipeline.findFirst(ReferencePipeline.java:647)
at org.openqa.selenium.remote.server.NewSessionPipeline.createNewSession(NewSessionPipeline.java:72)
at org.openqa.selenium.remote.server.commandhandler.BeginSession.execute(BeginSession.java:65)
at org.openqa.selenium.remote.server.WebDriverServlet.lambda$handle$0(WebDriverServlet.java:235)
at java.util.concurrent.Executors$RunnableAdapter.call(Executors.java:515)
at java.util.concurrent.FutureTask.run(FutureTask.java:264)
at java.util.concurrent.ThreadPoolExecutor.runWorker(ThreadPoolExecutor.java:1130)
at java.util.concurrent.ThreadPoolExecutor$Worker.run(ThreadPoolExecutor.java:630)
at java.lang.Thread.run(Thread.java:831)
]]>
    </error>
  </testcase> <!-- testHeadFirst -->
  <system-out/>
  <testcase classname="AmazonTest" name="testAmazonBooks" time="20.388"/>
  <system-out/>
  <testcase classname="AmazonTest" name="testEmAll" time="21.733"/>
  <system-out/>
  <testcase classname="AmazonTest" name="testAmazonBook" time="20.285"/>
  <system-out/>
</testsuite> <!-- AmazonTest -->
